<?xml version="1.0" encoding="UTF-8"?>
<!-- Generated by org.testng.reporters.JUnitReportReporter -->
<testsuite hostname="DESKTOP-URFGTI2" failures="0" tests="3" name="com.abby.qa.testcases.SearchTest" time="14.792" errors="0" timestamp="2024-03-16T10:53:33 IST" skipped="0">
  <testcase classname="com.abby.qa.testcases.SearchTest" name="verifySearchWithValidProduct" time="5.120"/>
  <testcase classname="com.abby.qa.testcases.SearchTest" name="verifySearchWithIvalidProduct" time="4.901"/>
  <testcase classname="com.abby.qa.testcases.SearchTest" name="verifySearchWithOutAnyProduct" time="4.771"/>
</testsuite> <!-- com.abby.qa.testcases.SearchTest -->
