<?xml version="1.0" encoding="UTF-8"?>
<!-- Generated by org.testng.reporters.JUnitReportReporter -->
<testsuite hostname="DESKTOP-URFGTI2" failures="0" tests="4" name="com.abby.qa.testcases.RegisterTest" time="26.512" errors="0" timestamp="2024-03-16T10:53:33 IST" skipped="0">
  <testcase classname="com.abby.qa.testcases.RegisterTest" name="verifyRegisteringAnAccountWithMandatoryFields" time="6.286"/>
  <testcase classname="com.abby.qa.testcases.RegisterTest" name="verifyRegisteringAnAccountWithAllFields" time="8.056"/>
  <testcase classname="com.abby.qa.testcases.RegisterTest" name="verifyRegisteringAnAccountWithExistingEmailAddress" time="6.375"/>
  <testcase classname="com.abby.qa.testcases.RegisterTest" name="verifyRegisteringAnAccountWithoutFillingAnyData" time="5.795"/>
</testsuite> <!-- com.abby.qa.testcases.RegisterTest -->
